<?xml version="1.0" encoding="UTF-8"?>
<testng-results skipped="0" failed="0" ignored="0" total="1" passed="1">
  <reporter-output>
  </reporter-output>
  <suite name="InetBankingV2" duration-ms="82666" started-at="2020-03-12T15:09:14Z" finished-at="2020-03-12T15:10:36Z">
    <groups>
    </groups>
    <test name="BankingApp Test" duration-ms="82666" started-at="2020-03-12T15:09:14Z" finished-at="2020-03-12T15:10:36Z">
      <class name="com.inetbanking.tecases.TC_AddCustomer_001">
        <test-method status="PASS" signature="setUp(java.lang.String)[pri:0, instance:com.inetbanking.tecases.TC_AddCustomer_001@1dfb72a]" name="setUp" is-config="true" duration-ms="29178" started-at="2020-03-12T15:09:15Z" finished-at="2020-03-12T15:09:44Z">
          <params>
            <param index="0">
              <value>
                <![CDATA[chrome]]>
              </value>
            </param>
          </params>
          <reporter-output>
          </reporter-output>
        </test-method> <!-- setUp -->
        <test-method status="PASS" signature="addCustomer()[pri:0, instance:com.inetbanking.tecases.TC_AddCustomer_001@1dfb72a]" name="addCustomer" duration-ms="50474" started-at="2020-03-12T15:09:44Z" finished-at="2020-03-12T15:10:34Z">
          <reporter-output>
          </reporter-output>
        </test-method> <!-- addCustomer -->
        <test-method status="PASS" signature="terDown()[pri:0, instance:com.inetbanking.tecases.TC_AddCustomer_001@1dfb72a]" name="terDown" is-config="true" duration-ms="1909" started-at="2020-03-12T15:10:34Z" finished-at="2020-03-12T15:10:36Z">
          <reporter-output>
          </reporter-output>
        </test-method> <!-- terDown -->
      </class> <!-- com.inetbanking.tecases.TC_AddCustomer_001 -->
    </test> <!-- BankingApp Test -->
  </suite> <!-- InetBankingV2 -->
</testng-results>
