<?xml version="1.0" encoding="UTF-8"?>
<testng-results skipped="0" failed="0" total="1" passed="1">
  <reporter-output>
  </reporter-output>
  <suite name="InetBankingV2" duration-ms="67669" started-at="2020-03-10T18:36:32Z" finished-at="2020-03-10T18:37:40Z">
    <groups>
    </groups>
    <test name="BankingApp Test" duration-ms="67669" started-at="2020-03-10T18:36:32Z" finished-at="2020-03-10T18:37:40Z">
      <class name="com.inetbanking.tecases.TC_AddCustomer_001">
        <test-method status="PASS" signature="setUp(java.lang.String)[pri:0, instance:com.inetbanking.tecases.TC_AddCustomer_001@30a502]" name="setUp" is-config="true" duration-ms="30294" started-at="2020-03-11T00:06:33Z" finished-at="2020-03-11T00:07:03Z">
          <params>
            <param index="0">
              <value>
                <![CDATA[chrome]]>
              </value>
            </param>
          </params>
          <reporter-output>
          </reporter-output>
        </test-method> <!-- setUp -->
        <test-method status="PASS" signature="addCustomer()[pri:0, instance:com.inetbanking.tecases.TC_AddCustomer_001@30a502]" name="addCustomer" duration-ms="35298" started-at="2020-03-11T00:07:03Z" finished-at="2020-03-11T00:07:38Z">
          <reporter-output>
          </reporter-output>
        </test-method> <!-- addCustomer -->
        <test-method status="PASS" signature="terDown()[pri:0, instance:com.inetbanking.tecases.TC_AddCustomer_001@30a502]" name="terDown" is-config="true" duration-ms="1307" started-at="2020-03-11T00:07:39Z" finished-at="2020-03-11T00:07:40Z">
          <reporter-output>
          </reporter-output>
        </test-method> <!-- terDown -->
      </class> <!-- com.inetbanking.tecases.TC_AddCustomer_001 -->
    </test> <!-- BankingApp Test -->
  </suite> <!-- InetBankingV2 -->
</testng-results>
